0 info it worked if it ends with ok
1 verbose cli [ '/usr/bin/node', '/usr/bin/npm', 'install', 'openjdk-7-jdk' ]
2 info using npm@2.11.3
3 info using node@v0.12.7
4 verbose node symlink /usr/bin/node
5 verbose config Skipping project config: /home/brian/.npmrc. (matches userconfig)
6 verbose install initial load of /home/brian/package.json
7 verbose installManyTop reading scoped package data from /home/brian/node_modules/ejs/package.json
8 verbose installManyTop reading scoped package data from /home/brian/node_modules/express/package.json
9 verbose readDependencies loading dependencies from /home/brian/package.json
10 silly cache add args [ 'openjdk-7-jdk', null ]
11 verbose cache add spec openjdk-7-jdk
12 silly cache add parsed spec { raw: 'openjdk-7-jdk',
12 silly cache add   scope: null,
12 silly cache add   name: 'openjdk-7-jdk',
12 silly cache add   rawSpec: '',
12 silly cache add   spec: '*',
12 silly cache add   type: 'range' }
13 silly addNamed openjdk-7-jdk@*
14 verbose addNamed "*" is a valid semver range for openjdk-7-jdk
15 silly addNameRange { name: 'openjdk-7-jdk', range: '*', hasData: false }
16 silly mapToRegistry name openjdk-7-jdk
17 silly mapToRegistry using default registry
18 silly mapToRegistry registry https://registry.npmjs.org/
19 silly mapToRegistry uri https://registry.npmjs.org/openjdk-7-jdk
20 verbose addNameRange registry:https://registry.npmjs.org/openjdk-7-jdk not in flight; fetching
21 verbose request uri https://registry.npmjs.org/openjdk-7-jdk
22 verbose request no auth needed
23 info attempt registry request try #1 at 03:32:31
24 verbose request id de337534913be022
25 http request GET https://registry.npmjs.org/openjdk-7-jdk
26 http 404 https://registry.npmjs.org/openjdk-7-jdk
27 verbose headers { 'content-type': 'application/json',
27 verbose headers   'cache-control': 'max-age=0',
27 verbose headers   'content-length': '2',
27 verbose headers   'accept-ranges': 'bytes',
27 verbose headers   date: 'Fri, 04 Dec 2015 11:32:31 GMT',
27 verbose headers   via: '1.1 varnish',
27 verbose headers   age: '0',
27 verbose headers   connection: 'keep-alive',
27 verbose headers   'x-served-by': 'cache-lax1423-LAX',
27 verbose headers   'x-cache': 'MISS',
27 verbose headers   'x-cache-hits': '0',
27 verbose headers   'x-timer': 'S1449228751.234094,VS0,VE202' }
28 silly get cb [ 404,
28 silly get   { 'content-type': 'application/json',
28 silly get     'cache-control': 'max-age=0',
28 silly get     'content-length': '2',
28 silly get     'accept-ranges': 'bytes',
28 silly get     date: 'Fri, 04 Dec 2015 11:32:31 GMT',
28 silly get     via: '1.1 varnish',
28 silly get     age: '0',
28 silly get     connection: 'keep-alive',
28 silly get     'x-served-by': 'cache-lax1423-LAX',
28 silly get     'x-cache': 'MISS',
28 silly get     'x-cache-hits': '0',
28 silly get     'x-timer': 'S1449228751.234094,VS0,VE202' } ]
29 verbose stack Error: Registry returned 404 for GET on https://registry.npmjs.org/openjdk-7-jdk
29 verbose stack     at CachingRegistryClient.<anonymous> (/usr/lib/node_modules/npm/node_modules/npm-registry-client/lib/request.js:239:14)
29 verbose stack     at Request._callback (/usr/lib/node_modules/npm/node_modules/npm-registry-client/lib/request.js:170:14)
29 verbose stack     at Request.self.callback (/usr/lib/node_modules/npm/node_modules/request/request.js:354:22)
29 verbose stack     at Request.emit (events.js:110:17)
29 verbose stack     at Request.<anonymous> (/usr/lib/node_modules/npm/node_modules/request/request.js:1207:14)
29 verbose stack     at Request.emit (events.js:129:20)
29 verbose stack     at IncomingMessage.<anonymous> (/usr/lib/node_modules/npm/node_modules/request/request.js:1153:12)
29 verbose stack     at IncomingMessage.emit (events.js:129:20)
29 verbose stack     at _stream_readable.js:908:16
29 verbose stack     at process._tickCallback (node.js:355:11)
30 verbose statusCode 404
31 verbose pkgid openjdk-7-jdk
32 verbose cwd /home/brian/Desktop/vicevirtueandroid
33 error Linux 3.16.0-46-generic
34 error argv "/usr/bin/node" "/usr/bin/npm" "install" "openjdk-7-jdk"
35 error node v0.12.7
36 error npm  v2.11.3
37 error code E404
38 error 404 Registry returned 404 for GET on https://registry.npmjs.org/openjdk-7-jdk
38 error 404
38 error 404 'openjdk-7-jdk' is not in the npm registry.
38 error 404 You should bug the author to publish it (or use the name yourself!)
38 error 404
38 error 404 Note that you can also install from a
38 error 404 tarball, folder, http url, or git url.
39 verbose exit [ 1, true ]
